{
  "stats": {
    "suites": 1,
    "tests": 8,
    "passes": 8,
    "pending": 0,
    "failures": 0,
    "start": "2026-04-25T14:53:30.497Z",
    "end": "2026-04-25T14:53:40.108Z",
    "duration": 9611,
    "testsRegistered": 8,
    "passPercent": 100,
    "pendingPercent": 0,
    "other": 0,
    "hasOther": false,
    "skipped": 0,
    "hasSkipped": false
  },
  "results": [
    {
      "uuid": "bb2a8fb8-be89-4a2b-bb26-9a133c6a830d",
      "title": "",
      "fullFile": "C:\\Users\\khali\\Downloads\\saucedemo_automation\\Tugas-sesi-10\\tests\\sesi-10\\Tugas-sesi-10.js",
      "file": "\\tests\\sesi-10\\Tugas-sesi-10.js",
      "beforeHooks": [],
      "afterHooks": [],
      "tests": [],
      "suites": [
        {
          "uuid": "c1be5363-f8ee-4a23-819f-d7bebae1a8b1",
          "title": "SauceDemo - Login Page Test Scenarios",
          "fullFile": "C:\\Users\\khali\\Downloads\\saucedemo_automation\\Tugas-sesi-10\\tests\\sesi-10\\Tugas-sesi-10.js",
          "file": "\\tests\\sesi-10\\Tugas-sesi-10.js",
          "beforeHooks": [
            {
              "title": "\"before each\" hook in \"SauceDemo - Login Page Test Scenarios\"",
              "fullTitle": "SauceDemo - Login Page Test Scenarios \"before each\" hook in \"SauceDemo - Login Page Test Scenarios\"",
              "timedOut": false,
              "duration": 1019,
              "state": null,
              "speed": null,
              "pass": false,
              "fail": false,
              "pending": false,
              "context": null,
              "code": "const options = new chrome.Options();\noptions.addArguments('--incognito');\ndriver = await new Builder()\n    .forBrowser('chrome')\n    .setChromeOptions(options)\n    .build();\n// Buka halaman login sebelum setiap test\nawait driver.get(BASE_URL);",
              "err": {},
              "uuid": "d47c7e4e-55de-4084-b15a-e2bd3b35d48b",
              "parentUUID": "c1be5363-f8ee-4a23-819f-d7bebae1a8b1",
              "isHook": true,
              "skipped": false
            }
          ],
          "afterHooks": [
            {
              "title": "\"after each\" hook in \"SauceDemo - Login Page Test Scenarios\"",
              "fullTitle": "SauceDemo - Login Page Test Scenarios \"after each\" hook in \"SauceDemo - Login Page Test Scenarios\"",
              "timedOut": false,
              "duration": 30,
              "state": null,
              "speed": null,
              "pass": false,
              "fail": false,
              "pending": false,
              "context": null,
              "code": "await driver.quit();",
              "err": {},
              "uuid": "2833a9f6-5f61-4b91-af94-dc549e569d7a",
              "parentUUID": "c1be5363-f8ee-4a23-819f-d7bebae1a8b1",
              "isHook": true,
              "skipped": false
            }
          ],
          "tests": [
            {
              "title": "TC-01: Login berhasil dengan kredensial valid",
              "fullTitle": "SauceDemo - Login Page Test Scenarios TC-01: Login berhasil dengan kredensial valid",
              "timedOut": false,
              "duration": 207,
              "state": "passed",
              "speed": "slow",
              "pass": true,
              "fail": false,
              "pending": false,
              "context": null,
              "code": "await fillLogin(driver, 'standard_user', VALID_PASSWORD);\nawait driver.wait(\n    until.elementLocated(By.css('[data-test=\"shopping-cart-link\"]')),\n    10000\n);\nconst url = await driver.getCurrentUrl();\nassert.ok(url.includes('inventory'), `URL tidak sesuai: ${url}`);\nconst logo = await driver.findElement(By.className('app_logo'));\nassert.strictEqual(await logo.getText(), 'Swag Labs');",
              "err": {},
              "uuid": "d8bb0ef1-922c-4727-ba6e-572bad5d9711",
              "parentUUID": "c1be5363-f8ee-4a23-819f-d7bebae1a8b1",
              "isHook": false,
              "skipped": false
            },
            {
              "title": "TC-02: Login gagal dengan password salah",
              "fullTitle": "SauceDemo - Login Page Test Scenarios TC-02: Login gagal dengan password salah",
              "timedOut": false,
              "duration": 178,
              "state": "passed",
              "speed": "slow",
              "pass": true,
              "fail": false,
              "pending": false,
              "context": null,
              "code": "await fillLogin(driver, 'standard_user', 'wrong_password');\nconst errorMsg = await getErrorMessage(driver);\nassert.ok(\n    errorMsg.includes('Username and password do not match'),\n    `Pesan error tidak sesuai: ${errorMsg}`\n);",
              "err": {},
              "uuid": "40ab4bf9-32ab-4678-bb4e-fb502ba57d22",
              "parentUUID": "c1be5363-f8ee-4a23-819f-d7bebae1a8b1",
              "isHook": false,
              "skipped": false
            },
            {
              "title": "TC-03: Login gagal saat username kosong",
              "fullTitle": "SauceDemo - Login Page Test Scenarios TC-03: Login gagal saat username kosong",
              "timedOut": false,
              "duration": 142,
              "state": "passed",
              "speed": "slow",
              "pass": true,
              "fail": false,
              "pending": false,
              "context": null,
              "code": "await fillLogin(driver, '', VALID_PASSWORD);\nconst errorMsg = await getErrorMessage(driver);\nassert.ok(\n    errorMsg.includes('Username is required'),\n    `Pesan error tidak sesuai: ${errorMsg}`\n);",
              "err": {},
              "uuid": "487ab8e5-7edf-4389-a780-1f23c9d2b3dd",
              "parentUUID": "c1be5363-f8ee-4a23-819f-d7bebae1a8b1",
              "isHook": false,
              "skipped": false
            },
            {
              "title": "TC-04: Login gagal saat password kosong",
              "fullTitle": "SauceDemo - Login Page Test Scenarios TC-04: Login gagal saat password kosong",
              "timedOut": false,
              "duration": 128,
              "state": "passed",
              "speed": "slow",
              "pass": true,
              "fail": false,
              "pending": false,
              "context": null,
              "code": "await fillLogin(driver, 'standard_user', '');\nconst errorMsg = await getErrorMessage(driver);\nassert.ok(\n    errorMsg.includes('Password is required'),\n    `Pesan error tidak sesuai: ${errorMsg}`\n);",
              "err": {},
              "uuid": "9aff7772-27b5-4926-ac74-5b863f47f128",
              "parentUUID": "c1be5363-f8ee-4a23-819f-d7bebae1a8b1",
              "isHook": false,
              "skipped": false
            },
            {
              "title": "TC-05: Login gagal dengan akun yang dikunci (locked_out_user)",
              "fullTitle": "SauceDemo - Login Page Test Scenarios TC-05: Login gagal dengan akun yang dikunci (locked_out_user)",
              "timedOut": false,
              "duration": 169,
              "state": "passed",
              "speed": "slow",
              "pass": true,
              "fail": false,
              "pending": false,
              "context": null,
              "code": "await fillLogin(driver, 'locked_out_user', VALID_PASSWORD);\nconst errorMsg = await getErrorMessage(driver);\nassert.ok(\n    errorMsg.includes('Sorry, this user has been locked out'),\n    `Pesan error tidak sesuai: ${errorMsg}`\n);",
              "err": {},
              "uuid": "2434ed42-233c-49c1-bee0-6bfdec3eeb00",
              "parentUUID": "c1be5363-f8ee-4a23-819f-d7bebae1a8b1",
              "isHook": false,
              "skipped": false
            },
            {
              "title": "TC-06: Login gagal dengan username yang tidak terdaftar",
              "fullTitle": "SauceDemo - Login Page Test Scenarios TC-06: Login gagal dengan username yang tidak terdaftar",
              "timedOut": false,
              "duration": 171,
              "state": "passed",
              "speed": "slow",
              "pass": true,
              "fail": false,
              "pending": false,
              "context": null,
              "code": "await fillLogin(driver, 'user_tidak_ada', VALID_PASSWORD);\nconst errorMsg = await getErrorMessage(driver);\nassert.ok(\n    errorMsg.includes('Username and password do not match'),\n    `Pesan error tidak sesuai: ${errorMsg}`\n);",
              "err": {},
              "uuid": "2d23668e-374c-43f1-8409-3a1ecc9b48e3",
              "parentUUID": "c1be5363-f8ee-4a23-819f-d7bebae1a8b1",
              "isHook": false,
              "skipped": false
            },
            {
              "title": "TC-07: Tombol login tampil, aktif, dan bertuliskan Login",
              "fullTitle": "SauceDemo - Login Page Test Scenarios TC-07: Tombol login tampil, aktif, dan bertuliskan Login",
              "timedOut": false,
              "duration": 26,
              "state": "passed",
              "speed": "fast",
              "pass": true,
              "fail": false,
              "pending": false,
              "context": null,
              "code": "const loginBtn = await driver.findElement(By.id('login-button'));\nassert.ok(await loginBtn.isDisplayed(), 'Tombol login tidak tampil');\nassert.ok(await loginBtn.isEnabled(), 'Tombol login tidak aktif');\nconst btnText = await loginBtn.getAttribute('value');\nassert.strictEqual(btnText, 'Login', `Teks tombol tidak sesuai: ${btnText}`);",
              "err": {},
              "uuid": "c118ef27-04ff-4760-8c4e-48bfcf5bf393",
              "parentUUID": "c1be5363-f8ee-4a23-819f-d7bebae1a8b1",
              "isHook": false,
              "skipped": false
            },
            {
              "title": "TC-08: Pesan error hilang setelah klik tombol X (dismiss)",
              "fullTitle": "SauceDemo - Login Page Test Scenarios TC-08: Pesan error hilang setelah klik tombol X (dismiss)",
              "timedOut": false,
              "duration": 115,
              "state": "passed",
              "speed": "slow",
              "pass": true,
              "fail": false,
              "pending": false,
              "context": null,
              "code": "// Munculkan error dulu\nawait fillLogin(driver, '', '');\nawait getErrorMessage(driver); \n// Klik tombol X untuk dismiss\nconst closeBtn = await driver.findElement(\n    By.css('[data-test=\"error-button\"]')\n);\nawait closeBtn.click();\n// Verifikasi error sudah tidak tampil\nconst errors = await driver.findElements(By.css('[data-test=\"error\"]'));\nassert.strictEqual(errors.length, 0, 'Pesan error seharusnya sudah hilang setelah dismiss');",
              "err": {},
              "uuid": "a7fcc0d8-e122-42f1-b906-8fe705270259",
              "parentUUID": "c1be5363-f8ee-4a23-819f-d7bebae1a8b1",
              "isHook": false,
              "skipped": false
            }
          ],
          "suites": [],
          "passes": [
            "d8bb0ef1-922c-4727-ba6e-572bad5d9711",
            "40ab4bf9-32ab-4678-bb4e-fb502ba57d22",
            "487ab8e5-7edf-4389-a780-1f23c9d2b3dd",
            "9aff7772-27b5-4926-ac74-5b863f47f128",
            "2434ed42-233c-49c1-bee0-6bfdec3eeb00",
            "2d23668e-374c-43f1-8409-3a1ecc9b48e3",
            "c118ef27-04ff-4760-8c4e-48bfcf5bf393",
            "a7fcc0d8-e122-42f1-b906-8fe705270259"
          ],
          "failures": [],
          "pending": [],
          "skipped": [],
          "duration": 1136,
          "root": false,
          "rootEmpty": false,
          "_timeout": 60000
        }
      ],
      "passes": [],
      "failures": [],
      "pending": [],
      "skipped": [],
      "duration": 0,
      "root": true,
      "rootEmpty": true,
      "_timeout": 60000
    }
  ],
  "meta": {
    "mocha": {
      "version": "10.8.2"
    },
    "mochawesome": {
      "options": {
        "quiet": false,
        "reportFilename": "mochawesome",
        "saveHtml": true,
        "saveJson": true,
        "consoleReporter": "spec",
        "useInlineDiffs": false,
        "code": true
      },
      "version": "7.1.4"
    },
    "marge": {
      "options": null,
      "version": "6.3.2"
    }
  }
}