{
  "stats": {
    "suites": 1,
    "tests": 8,
    "passes": 8,
    "pending": 0,
    "failures": 0,
    "start": "2026-04-25T15:15:30.236Z",
    "end": "2026-04-25T15:15:41.556Z",
    "duration": 11320,
    "testsRegistered": 8,
    "passPercent": 100,
    "pendingPercent": 0,
    "other": 0,
    "hasOther": false,
    "skipped": 0,
    "hasSkipped": false
  },
  "results": [
    {
      "uuid": "99aa8024-51f1-4870-ad78-cf5fdb25da8f",
      "title": "",
      "fullFile": "C:\\Users\\khali\\Downloads\\saucedemo_automation\\Tugas-sesi-11\\tests\\sesi-11\\Tugas-sesi-11.js",
      "file": "\\tests\\sesi-11\\Tugas-sesi-11.js",
      "beforeHooks": [],
      "afterHooks": [],
      "tests": [],
      "suites": [
        {
          "uuid": "e213e21a-fbc5-4b87-a68b-6ac65bf589c9",
          "title": "SauceDemo - Login Page Test Scenarios",
          "fullFile": "C:\\Users\\khali\\Downloads\\saucedemo_automation\\Tugas-sesi-11\\tests\\sesi-11\\Tugas-sesi-11.js",
          "file": "\\tests\\sesi-11\\Tugas-sesi-11.js",
          "beforeHooks": [
            {
              "title": "\"before each\" hook in \"SauceDemo - Login Page Test Scenarios\"",
              "fullTitle": "SauceDemo - Login Page Test Scenarios \"before each\" hook in \"SauceDemo - Login Page Test Scenarios\"",
              "timedOut": false,
              "duration": 937,
              "state": null,
              "speed": null,
              "pass": false,
              "fail": false,
              "pending": false,
              "context": null,
              "code": "driver    = await buildDriver();\nloginPage = new LoginPage(driver);\nawait loginPage.open();",
              "err": {},
              "uuid": "68a1a2e9-869a-4d94-9efc-50fd8b1448d6",
              "parentUUID": "e213e21a-fbc5-4b87-a68b-6ac65bf589c9",
              "isHook": true,
              "skipped": false
            }
          ],
          "afterHooks": [
            {
              "title": "\"after each\" hook in \"SauceDemo - Login Page Test Scenarios\"",
              "fullTitle": "SauceDemo - Login Page Test Scenarios \"after each\" hook in \"SauceDemo - Login Page Test Scenarios\"",
              "timedOut": false,
              "duration": 53,
              "state": null,
              "speed": null,
              "pass": false,
              "fail": false,
              "pending": false,
              "context": null,
              "code": "await driver.quit();",
              "err": {},
              "uuid": "a9d7eb58-b556-46b7-9ddf-a7d4ff48b74e",
              "parentUUID": "e213e21a-fbc5-4b87-a68b-6ac65bf589c9",
              "isHook": true,
              "skipped": false
            }
          ],
          "tests": [
            {
              "title": "TC-01: Login berhasil dengan kredensial valid",
              "fullTitle": "SauceDemo - Login Page Test Scenarios TC-01: Login berhasil dengan kredensial valid",
              "timedOut": false,
              "duration": 569,
              "state": "passed",
              "speed": "slow",
              "pass": true,
              "fail": false,
              "pending": false,
              "context": null,
              "code": "await loginPage.login('standard_user', VALID_PASSWORD);\nawait loginPage.waitForInventoryPage();\nawait visualCheck(driver, 'tc01_login_sukses');\nconst url = await loginPage.getCurrentUrl();\nassert.ok(url.includes('inventory'), `URL tidak sesuai: ${url}`);\nconst logo = await loginPage.getLogoText();\nassert.strictEqual(logo, 'Swag Labs', `Logo teks tidak sesuai: ${logo}`);",
              "err": {},
              "uuid": "0bed29b5-7769-48aa-bdeb-182aa7fbff39",
              "parentUUID": "e213e21a-fbc5-4b87-a68b-6ac65bf589c9",
              "isHook": false,
              "skipped": false
            },
            {
              "title": "TC-07: Tombol login tampil, aktif, dan bertuliskan Login",
              "fullTitle": "SauceDemo - Login Page Test Scenarios TC-07: Tombol login tampil, aktif, dan bertuliskan Login",
              "timedOut": false,
              "duration": 221,
              "state": "passed",
              "speed": "slow",
              "pass": true,
              "fail": false,
              "pending": false,
              "context": null,
              "code": "await visualCheck(driver, 'tc07_halaman_login_awal');\nconst loginBtn = await loginPage.getLoginButton();\nassert.ok(await loginBtn.isDisplayed(), 'Tombol login tidak tampil');\nassert.ok(await loginBtn.isEnabled(),   'Tombol login tidak aktif');\nconst btnText = await loginBtn.getAttribute('value');\nassert.strictEqual(btnText, 'Login', `Teks tombol tidak sesuai: ${btnText}`);",
              "err": {},
              "uuid": "42615378-e3e9-49a4-8ca9-f648938aaefd",
              "parentUUID": "e213e21a-fbc5-4b87-a68b-6ac65bf589c9",
              "isHook": false,
              "skipped": false
            },
            {
              "title": "TC-02: Login gagal dengan password salah",
              "fullTitle": "SauceDemo - Login Page Test Scenarios TC-02: Login gagal dengan password salah",
              "timedOut": false,
              "duration": 407,
              "state": "passed",
              "speed": "slow",
              "pass": true,
              "fail": false,
              "pending": false,
              "context": null,
              "code": "await loginPage.login('standard_user', 'wrong_password');\nawait visualCheck(driver, 'tc02_error_password_salah');\nconst errMsg = await loginPage.getErrorMessage();\nassert.ok(\n    errMsg.includes('Username and password do not match'),\n    `Pesan error tidak sesuai: ${errMsg}`\n);",
              "err": {},
              "uuid": "034b4aee-7340-4aab-b1d4-ef906f500374",
              "parentUUID": "e213e21a-fbc5-4b87-a68b-6ac65bf589c9",
              "isHook": false,
              "skipped": false
            },
            {
              "title": "TC-03: Login gagal saat username kosong",
              "fullTitle": "SauceDemo - Login Page Test Scenarios TC-03: Login gagal saat username kosong",
              "timedOut": false,
              "duration": 434,
              "state": "passed",
              "speed": "slow",
              "pass": true,
              "fail": false,
              "pending": false,
              "context": null,
              "code": "await loginPage.login(null, VALID_PASSWORD);\nawait visualCheck(driver, 'tc03_error_username_kosong');\nconst errMsg = await loginPage.getErrorMessage();\nassert.ok(\n    errMsg.includes('Username is required'),\n    `Pesan error tidak sesuai: ${errMsg}`\n);",
              "err": {},
              "uuid": "54aef806-b019-436b-a4a6-0d7c65c4d06b",
              "parentUUID": "e213e21a-fbc5-4b87-a68b-6ac65bf589c9",
              "isHook": false,
              "skipped": false
            },
            {
              "title": "TC-04: Login gagal saat password kosong",
              "fullTitle": "SauceDemo - Login Page Test Scenarios TC-04: Login gagal saat password kosong",
              "timedOut": false,
              "duration": 343,
              "state": "passed",
              "speed": "slow",
              "pass": true,
              "fail": false,
              "pending": false,
              "context": null,
              "code": "await loginPage.login('standard_user', null);\nawait visualCheck(driver, 'tc04_error_password_kosong');\nconst errMsg = await loginPage.getErrorMessage();\nassert.ok(\n    errMsg.includes('Password is required'),\n    `Pesan error tidak sesuai: ${errMsg}`\n);",
              "err": {},
              "uuid": "ec42f068-9645-4fe0-9edc-1af127e1a36a",
              "parentUUID": "e213e21a-fbc5-4b87-a68b-6ac65bf589c9",
              "isHook": false,
              "skipped": false
            },
            {
              "title": "TC-05: Login gagal dengan akun yang dikunci (locked_out_user)",
              "fullTitle": "SauceDemo - Login Page Test Scenarios TC-05: Login gagal dengan akun yang dikunci (locked_out_user)",
              "timedOut": false,
              "duration": 409,
              "state": "passed",
              "speed": "slow",
              "pass": true,
              "fail": false,
              "pending": false,
              "context": null,
              "code": "await loginPage.login('locked_out_user', VALID_PASSWORD);\nawait visualCheck(driver, 'tc05_error_locked_out');\nconst errMsg = await loginPage.getErrorMessage();\nassert.ok(\n    errMsg.includes('Sorry, this user has been locked out'),\n    `Pesan error tidak sesuai: ${errMsg}`\n);",
              "err": {},
              "uuid": "5ebd8cf6-1830-4d7a-8d64-f7d580c8caf4",
              "parentUUID": "e213e21a-fbc5-4b87-a68b-6ac65bf589c9",
              "isHook": false,
              "skipped": false
            },
            {
              "title": "TC-06: Login gagal dengan username yang tidak terdaftar",
              "fullTitle": "SauceDemo - Login Page Test Scenarios TC-06: Login gagal dengan username yang tidak terdaftar",
              "timedOut": false,
              "duration": 425,
              "state": "passed",
              "speed": "slow",
              "pass": true,
              "fail": false,
              "pending": false,
              "context": null,
              "code": "await loginPage.login('user_tidak_ada', VALID_PASSWORD);\nawait visualCheck(driver, 'tc06_error_invalid_user');\nconst errMsg = await loginPage.getErrorMessage();\nassert.ok(\n    errMsg.includes('Username and password do not match'),\n    `Pesan error tidak sesuai: ${errMsg}`\n);",
              "err": {},
              "uuid": "c4bd2e26-8182-4908-93c3-8f0aa00c46ce",
              "parentUUID": "e213e21a-fbc5-4b87-a68b-6ac65bf589c9",
              "isHook": false,
              "skipped": false
            },
            {
              "title": "TC-08: Pesan error hilang setelah klik tombol X (dismiss)",
              "fullTitle": "SauceDemo - Login Page Test Scenarios TC-08: Pesan error hilang setelah klik tombol X (dismiss)",
              "timedOut": false,
              "duration": 551,
              "state": "passed",
              "speed": "slow",
              "pass": true,
              "fail": false,
              "pending": false,
              "context": null,
              "code": "await loginPage.login(null, null);\nawait loginPage.getErrorMessage();\nawait visualCheck(driver, 'tc08_sebelum_dismiss');\nawait loginPage.dismissError();\nawait visualCheck(driver, 'tc08_setelah_dismiss');\nconst isError = await loginPage.isErrorDisplayed();\nassert.strictEqual(isError, false,\n    'Pesan error seharusnya sudah hilang setelah dismiss');",
              "err": {},
              "uuid": "ad351088-175c-430b-9011-32872b38f0eb",
              "parentUUID": "e213e21a-fbc5-4b87-a68b-6ac65bf589c9",
              "isHook": false,
              "skipped": false
            }
          ],
          "suites": [],
          "passes": [
            "0bed29b5-7769-48aa-bdeb-182aa7fbff39",
            "42615378-e3e9-49a4-8ca9-f648938aaefd",
            "034b4aee-7340-4aab-b1d4-ef906f500374",
            "54aef806-b019-436b-a4a6-0d7c65c4d06b",
            "ec42f068-9645-4fe0-9edc-1af127e1a36a",
            "5ebd8cf6-1830-4d7a-8d64-f7d580c8caf4",
            "c4bd2e26-8182-4908-93c3-8f0aa00c46ce",
            "ad351088-175c-430b-9011-32872b38f0eb"
          ],
          "failures": [],
          "pending": [],
          "skipped": [],
          "duration": 3359,
          "root": false,
          "rootEmpty": false,
          "_timeout": 60000
        }
      ],
      "passes": [],
      "failures": [],
      "pending": [],
      "skipped": [],
      "duration": 0,
      "root": true,
      "rootEmpty": true,
      "_timeout": 60000
    }
  ],
  "meta": {
    "mocha": {
      "version": "10.8.2"
    },
    "mochawesome": {
      "options": {
        "quiet": false,
        "reportFilename": "mochawesome",
        "saveHtml": true,
        "saveJson": true,
        "consoleReporter": "spec",
        "useInlineDiffs": false,
        "code": true
      },
      "version": "7.1.4"
    },
    "marge": {
      "options": null,
      "version": "6.3.2"
    }
  }
}